<?xml version="1.0" encoding="UTF-8"?>
<!-- Generated by org.testng.reporters.JUnitXMLReporter -->
<testsuite ignored="0" hostname="LAPTOP-JO5RSEIK" failures="0" tests="4" name="Default test" time="6.648" errors="0" timestamp="2024-01-25T22:15:52 EET">
  <testcase classname="tests.RegisterFormTest" name="checkVisability" time="0.144"/>
  <testcase classname="tests.TestBase" name="navigteToRegisterForm" time="0.488"/>
  <testcase classname="tests.RegisterFormTest" name="fillFormWithValiddata" time="3.325"/>
  <testcase classname="tests.RegisterFormTest" name="fillFormWithInValiddata" time="1.379"/>
</testsuite> <!-- Default test -->
