<?xml version="1.0" encoding="UTF-8"?>
<testng-results ignored="0" total="4" passed="4" failed="0" skipped="0">
  <reporter-output>
  </reporter-output>
  <suite started-at="2024-01-25T22:15:45 EET" name="Default suite" finished-at="2024-01-25T22:15:52 EET" duration-ms="6648">
    <groups>
    </groups>
    <test started-at="2024-01-25T22:15:45 EET" name="Default test" finished-at="2024-01-25T22:15:52 EET" duration-ms="6648">
      <class name="tests.RegisterFormTest">
        <test-method is-config="true" signature="setup()[pri:0, instance:tests.RegisterFormTest@16d04d3d]" started-at="2024-01-25T22:15:44 EET" name="setup" finished-at="2024-01-25T22:15:45 EET" duration-ms="297" status="PASS">
          <reporter-output>
          </reporter-output>
        </test-method> <!-- setup -->
        <test-method is-config="true" signature="startDriver()[pri:0, instance:tests.RegisterFormTest@16d04d3d]" started-at="2024-01-25T22:15:45 EET" name="startDriver" finished-at="2024-01-25T22:15:45 EET" depends-on-methods="tests.ExtentReportManager.setup" duration-ms="479" status="PASS">
          <reporter-output>
          </reporter-output>
        </test-method> <!-- startDriver -->
        <test-method is-config="true" signature="initializeObjects(java.lang.String)[pri:0, instance:tests.RegisterFormTest@16d04d3d]" started-at="2024-01-25T22:15:45 EET" name="initializeObjects" finished-at="2024-01-25T22:15:46 EET" duration-ms="1277" status="PASS">
          <params>
            <param index="0">
              <value>
                <![CDATA[chrome]]>
              </value>
            </param>
          </params>
          <reporter-output>
          </reporter-output>
        </test-method> <!-- initializeObjects -->
        <test-method signature="checkVisability()[pri:0, instance:tests.RegisterFormTest@16d04d3d]" started-at="2024-01-25T22:15:46 EET" name="checkVisability" finished-at="2024-01-25T22:15:46 EET" duration-ms="144" status="PASS">
          <reporter-output>
          </reporter-output>
        </test-method> <!-- checkVisability -->
        <test-method signature="navigteToRegisterForm()[pri:0, instance:tests.RegisterFormTest@16d04d3d]" started-at="2024-01-25T22:15:46 EET" name="navigteToRegisterForm" finished-at="2024-01-25T22:15:47 EET" duration-ms="488" status="PASS">
          <reporter-output>
          </reporter-output>
        </test-method> <!-- navigteToRegisterForm -->
        <test-method signature="fillFormWithValiddata()[pri:1, instance:tests.RegisterFormTest@16d04d3d]" started-at="2024-01-25T22:15:47 EET" name="fillFormWithValiddata" finished-at="2024-01-25T22:15:50 EET" duration-ms="3325" status="PASS">
          <reporter-output>
          </reporter-output>
        </test-method> <!-- fillFormWithValiddata -->
        <test-method signature="fillFormWithInValiddata()[pri:2, instance:tests.RegisterFormTest@16d04d3d]" started-at="2024-01-25T22:15:50 EET" name="fillFormWithInValiddata" finished-at="2024-01-25T22:15:52 EET" duration-ms="1379" status="PASS">
          <reporter-output>
          </reporter-output>
        </test-method> <!-- fillFormWithInValiddata -->
        <test-method is-config="true" signature="closeDriver()[pri:0, instance:tests.RegisterFormTest@16d04d3d]" started-at="2024-01-25T22:15:52 EET" name="closeDriver" finished-at="2024-01-25T22:15:52 EET" duration-ms="525" status="PASS">
          <reporter-output>
          </reporter-output>
        </test-method> <!-- closeDriver -->
        <test-method is-config="true" signature="teardown()[pri:0, instance:tests.RegisterFormTest@16d04d3d]" started-at="2024-01-25T22:15:52 EET" name="teardown" finished-at="2024-01-25T22:15:53 EET" depends-on-methods="tests.TestBase.closeDriver" duration-ms="520" status="PASS">
          <reporter-output>
          </reporter-output>
        </test-method> <!-- teardown -->
      </class> <!-- tests.RegisterFormTest -->
    </test> <!-- Default test -->
  </suite> <!-- Default suite -->
</testng-results>
